<?xml version="1.0" encoding="UTF-8"?>
<!-- Generated by org.testng.reporters.JUnitReportReporter -->
<testsuite hostname="DESKTOP-HUF4NTE" failures="0" tests="3" name="stcTvTests.StcTvTest" time="66.549" errors="0" timestamp="2023-03-29T22:00:59 EET" skipped="0">
  <testcase classname="stcTvTests.StcTvTest" name="stcTvTestCase" time="22.515"/>
  <system-out/>
  <testcase classname="stcTvTests.StcTvTest" name="stcTvTestCase" time="20.558"/>
  <system-out/>
  <testcase classname="stcTvTests.StcTvTest" name="stcTvTestCase" time="23.476"/>
  <system-out/>
</testsuite> <!-- stcTvTests.StcTvTest -->
