<?xml version="1.0" encoding="UTF-8"?>
<!-- Generated by org.testng.reporters.JUnitReportReporter -->
<testsuite hostname="DESKTOP-HUF4NTE" failures="0" tests="2" name="YoutubeSearchTests.YoutubeSearchTest" time="25.117" errors="0" timestamp="2022-04-23T15:22:22 EET" skipped="0">
  <testcase classname="YoutubeSearchTests.YoutubeSearchTest" name="youtubeTitleAssertion" time="12.367"/>
  <system-out/>
  <testcase classname="YoutubeSearchTests.YoutubeSearchTest" name="youtubeTitleAssertion" time="12.750"/>
  <system-out/>
</testsuite> <!-- YoutubeSearchTests.YoutubeSearchTest -->
